2025-05-05 11:58:13,536 - INFO - [IAM-20680] 組合目標 URL: https://www.mouser.tw/c/?q=IAM-20680
2025-05-05 11:58:13,537 - INFO - [IAM-20680] 本次使用 Chrome headers
2025-05-05 11:58:17,692 - INFO - [IAM-20680] 正在訪問 URL: https://www.mouser.tw/c/?q=IAM-20680 (第1次嘗試)
2025-05-05 11:58:18,816 - INFO - [IAM-20680] 初始頁面請求成功
2025-05-05 11:58:18,996 - INFO - [IAM-20680] 找到下載連結: https://www.mouser.tw/c/?q=IAM-20680&download=akpY7XrNUqpZDqaAfi4afPen3TAUXNAA3VwffZ3Y5gDjspPqeqqSAZkqjDXB2fkQRFLTNchsxfXTj4UN81UYLA%3D%3D
2025-05-05 11:58:18,996 - INFO - 開始下載文件，URL: https://www.mouser.tw/c/?q=IAM-20680&download=akpY7XrNUqpZDqaAfi4afPen3TAUXNAA3VwffZ3Y5gDjspPqeqqSAZkqjDXB2fkQRFLTNchsxfXTj4UN81UYLA%3D%3D，嘗試次數: 1
2025-05-05 11:58:19,529 - INFO - 文件已成功保存到: downloads\IAM-20680_20250505115818.csv
2025-05-05 11:58:19,530 - INFO - [IAM-20680] CSV 文件已成功下載並保存在 'downloads\IAM-20680_20250505115818.csv'
2025-05-05 11:58:19,530 - INFO - [IAM-20680] 完整的下載連結為: https://www.mouser.tw/c/?q=IAM-20680&download=akpY7XrNUqpZDqaAfi4afPen3TAUXNAA3VwffZ3Y5gDjspPqeqqSAZkqjDXB2fkQRFLTNchsxfXTj4UN81UYLA%3D%3D
2025-05-05 11:58:19,556 - INFO - [IAM-20680] 請求結束，隨機延遲 17.81 秒以避免被封鎖
2025-05-05 11:58:37,374 - INFO - [LTM4625IY#PBF] 組合目標 URL: https://www.mouser.tw/c/?q=LTM4625IY#PBF
2025-05-05 11:58:37,374 - INFO - [LTM4625IY#PBF] 本次使用 Edge headers
2025-05-05 11:58:42,089 - INFO - [LTM4625IY#PBF] 正在訪問 URL: https://www.mouser.tw/c/?q=LTM4625IY#PBF (第1次嘗試)
2025-05-05 11:58:42,987 - INFO - [LTM4625IY#PBF] 初始頁面請求成功
2025-05-05 11:58:43,153 - INFO - [LTM4625IY#PBF] 找到下載連結: https://www.mouser.tw/c/?q=LTM4625IY&download=1R7HCbMftC9grDf%2BMW9Ojznlj5RrJgNAEc7JgMRiQyMkCPyo66DFQ8jI9%2B%2BGV5Bdj%2BToUgIASbjvvxwDdX%2F3Ig%3D%3D
2025-05-05 11:58:43,153 - INFO - 開始下載文件，URL: https://www.mouser.tw/c/?q=LTM4625IY&download=1R7HCbMftC9grDf%2BMW9Ojznlj5RrJgNAEc7JgMRiQyMkCPyo66DFQ8jI9%2B%2BGV5Bdj%2BToUgIASbjvvxwDdX%2F3Ig%3D%3D，嘗試次數: 1
2025-05-05 11:58:43,530 - INFO - 文件已成功保存到: downloads\LTM4625IY#PBF_20250505115843.csv
2025-05-05 11:58:43,531 - INFO - [LTM4625IY#PBF] CSV 文件已成功下載並保存在 'downloads\LTM4625IY#PBF_20250505115843.csv'
2025-05-05 11:58:43,531 - INFO - [LTM4625IY#PBF] 完整的下載連結為: https://www.mouser.tw/c/?q=LTM4625IY&download=1R7HCbMftC9grDf%2BMW9Ojznlj5RrJgNAEc7JgMRiQyMkCPyo66DFQ8jI9%2B%2BGV5Bdj%2BToUgIASbjvvxwDdX%2F3Ig%3D%3D
2025-05-05 11:58:43,550 - INFO - [LTM4625IY#PBF] 請求結束，隨機延遲 18.71 秒以避免被封鎖
2025-05-05 11:59:02,263 - INFO - [BQ24190RGER] 組合目標 URL: https://www.mouser.tw/c/?q=BQ24190RGER
2025-05-05 11:59:02,263 - INFO - [BQ24190RGER] 本次使用 Chrome headers
2025-05-05 11:59:05,809 - INFO - [BQ24190RGER] 正在訪問 URL: https://www.mouser.tw/c/?q=BQ24190RGER (第1次嘗試)
2025-05-05 11:59:06,821 - INFO - [BQ24190RGER] 初始頁面請求成功
2025-05-05 11:59:06,970 - INFO - [BQ24190RGER] 找到下載連結: https://www.mouser.tw/c/?q=BQ24190RGER&download=mKFHH%2BaU9ey7VBN1Z0MOR%2FFFRJ2dE%2B9ozbXTrK56K0hdUrz03sPwc177R%2FGafC%2BJ6OovIiFcNYrO3%2FLQ0HSi8A%3D%3D
2025-05-05 11:59:06,970 - INFO - 開始下載文件，URL: https://www.mouser.tw/c/?q=BQ24190RGER&download=mKFHH%2BaU9ey7VBN1Z0MOR%2FFFRJ2dE%2B9ozbXTrK56K0hdUrz03sPwc177R%2FGafC%2BJ6OovIiFcNYrO3%2FLQ0HSi8A%3D%3D，嘗試次數: 1
2025-05-05 11:59:07,397 - INFO - 文件已成功保存到: downloads\BQ24190RGER_20250505115906.csv
2025-05-05 11:59:07,398 - INFO - [BQ24190RGER] CSV 文件已成功下載並保存在 'downloads\BQ24190RGER_20250505115906.csv'
2025-05-05 11:59:07,398 - INFO - [BQ24190RGER] 完整的下載連結為: https://www.mouser.tw/c/?q=BQ24190RGER&download=mKFHH%2BaU9ey7VBN1Z0MOR%2FFFRJ2dE%2B9ozbXTrK56K0hdUrz03sPwc177R%2FGafC%2BJ6OovIiFcNYrO3%2FLQ0HSi8A%3D%3D
2025-05-05 11:59:07,417 - INFO - [BQ24190RGER] 請求結束，隨機延遲 14.56 秒以避免被封鎖
2025-05-05 11:59:21,983 - INFO - [STM32H750IBK6] 組合目標 URL: https://www.mouser.tw/c/?q=STM32H750IBK6
2025-05-05 11:59:21,983 - INFO - [STM32H750IBK6] 本次使用 Chrome headers
2025-05-05 11:59:26,553 - INFO - [STM32H750IBK6] 正在訪問 URL: https://www.mouser.tw/c/?q=STM32H750IBK6 (第1次嘗試)
2025-05-05 11:59:27,361 - INFO - [STM32H750IBK6] 初始頁面請求成功
2025-05-05 11:59:27,475 - INFO - [STM32H750IBK6] 找到下載連結: https://www.mouser.tw/c/?q=STM32H750IBK6&download=q1OTBnVJbpe1PI0q%2FinXisj6ZGhSzcurAIXw0jqyGnuDAmXA%2FFrlvG73H3oPW5o%2BsuQPx%2FoXwb5NAtF4GwQw0%2FLjmpIxrxpP
2025-05-05 11:59:27,475 - INFO - 開始下載文件，URL: https://www.mouser.tw/c/?q=STM32H750IBK6&download=q1OTBnVJbpe1PI0q%2FinXisj6ZGhSzcurAIXw0jqyGnuDAmXA%2FFrlvG73H3oPW5o%2BsuQPx%2FoXwb5NAtF4GwQw0%2FLjmpIxrxpP，嘗試次數: 1
2025-05-05 11:59:27,887 - INFO - 文件已成功保存到: downloads\STM32H750IBK6_20250505115927.csv
2025-05-05 11:59:27,888 - INFO - [STM32H750IBK6] CSV 文件已成功下載並保存在 'downloads\STM32H750IBK6_20250505115927.csv'
2025-05-05 11:59:27,888 - INFO - [STM32H750IBK6] 完整的下載連結為: https://www.mouser.tw/c/?q=STM32H750IBK6&download=q1OTBnVJbpe1PI0q%2FinXisj6ZGhSzcurAIXw0jqyGnuDAmXA%2FFrlvG73H3oPW5o%2BsuQPx%2FoXwb5NAtF4GwQw0%2FLjmpIxrxpP
2025-05-05 11:59:27,909 - INFO - [STM32H750IBK6] 請求結束，隨機延遲 13.69 秒以避免被封鎖
2025-05-05 11:59:41,608 - INFO - [STM32F103VCT6] 組合目標 URL: https://www.mouser.tw/c/?q=STM32F103VCT6
2025-05-05 11:59:41,609 - INFO - [STM32F103VCT6] 本次使用 Chrome headers
2025-05-05 11:59:43,970 - INFO - [STM32F103VCT6] 正在訪問 URL: https://www.mouser.tw/c/?q=STM32F103VCT6 (第1次嘗試)
2025-05-05 11:59:44,763 - INFO - [STM32F103VCT6] 初始頁面請求成功
2025-05-05 11:59:44,882 - INFO - [STM32F103VCT6] 找到下載連結: https://www.mouser.tw/c/?q=STM32F103VCT6&download=61Y9uZTWYWRzfTs94Gd5ti4553enFqGVkBL3H9Z91xIPdDRKdU%2FOklj9P6XtlWjibKBy%2BChnBLIvmbU5i9osm5%2Fa2AWsewnu
2025-05-05 11:59:44,883 - INFO - 開始下載文件，URL: https://www.mouser.tw/c/?q=STM32F103VCT6&download=61Y9uZTWYWRzfTs94Gd5ti4553enFqGVkBL3H9Z91xIPdDRKdU%2FOklj9P6XtlWjibKBy%2BChnBLIvmbU5i9osm5%2Fa2AWsewnu，嘗試次數: 1
2025-05-05 11:59:45,253 - INFO - 文件已成功保存到: downloads\STM32F103VCT6_20250505115944.csv
2025-05-05 11:59:45,253 - INFO - [STM32F103VCT6] CSV 文件已成功下載並保存在 'downloads\STM32F103VCT6_20250505115944.csv'
2025-05-05 11:59:45,254 - INFO - [STM32F103VCT6] 完整的下載連結為: https://www.mouser.tw/c/?q=STM32F103VCT6&download=61Y9uZTWYWRzfTs94Gd5ti4553enFqGVkBL3H9Z91xIPdDRKdU%2FOklj9P6XtlWjibKBy%2BChnBLIvmbU5i9osm5%2Fa2AWsewnu
2025-05-05 11:59:45,269 - INFO - [STM32F103VCT6] 請求結束，隨機延遲 12.61 秒以避免被封鎖
2025-05-05 11:59:57,887 - INFO - [TPS2483PWR] 組合目標 URL: https://www.mouser.tw/c/?q=TPS2483PWR
2025-05-05 11:59:57,888 - INFO - [TPS2483PWR] 本次使用 Edge headers
2025-05-05 12:00:00,086 - INFO - [TPS2483PWR] 正在訪問 URL: https://www.mouser.tw/c/?q=TPS2483PWR (第1次嘗試)
2025-05-05 12:00:00,735 - INFO - [TPS2483PWR] 初始頁面請求成功
2025-05-05 12:00:00,870 - INFO - [TPS2483PWR] 找到下載連結: https://www.mouser.tw/c/?q=TPS2483PWR&download=DXFtrpewhetvJhibPrzYjFQv1JSHgnq6Jy2CwVeJ%2BOI1xgMmZrZRO5ngeu7e1u5hh5AP287xhSY6JYGjalaG7g%3D%3D
2025-05-05 12:00:00,871 - INFO - 開始下載文件，URL: https://www.mouser.tw/c/?q=TPS2483PWR&download=DXFtrpewhetvJhibPrzYjFQv1JSHgnq6Jy2CwVeJ%2BOI1xgMmZrZRO5ngeu7e1u5hh5AP287xhSY6JYGjalaG7g%3D%3D，嘗試次數: 1
2025-05-05 12:00:01,529 - INFO - 文件已成功保存到: downloads\TPS2483PWR_20250505120000.csv
2025-05-05 12:00:01,529 - INFO - [TPS2483PWR] CSV 文件已成功下載並保存在 'downloads\TPS2483PWR_20250505120000.csv'
2025-05-05 12:00:01,530 - INFO - [TPS2483PWR] 完整的下載連結為: https://www.mouser.tw/c/?q=TPS2483PWR&download=DXFtrpewhetvJhibPrzYjFQv1JSHgnq6Jy2CwVeJ%2BOI1xgMmZrZRO5ngeu7e1u5hh5AP287xhSY6JYGjalaG7g%3D%3D
2025-05-05 12:00:01,551 - INFO - [TPS2483PWR] 請求結束，隨機延遲 10.23 秒以避免被封鎖
2025-05-05 12:00:11,784 - INFO - [LTM4700EY#PBF] 組合目標 URL: https://www.mouser.tw/c/?q=LTM4700EY#PBF
2025-05-05 12:00:11,785 - INFO - [LTM4700EY#PBF] 本次使用 Edge headers
2025-05-05 12:00:16,411 - INFO - [LTM4700EY#PBF] 正在訪問 URL: https://www.mouser.tw/c/?q=LTM4700EY#PBF (第1次嘗試)
2025-05-05 12:00:18,130 - INFO - [LTM4700EY#PBF] 初始頁面請求成功
2025-05-05 12:00:18,354 - WARNING - [LTM4700EY#PBF] 未找到 id='btn3' 的下載按鈕
2025-05-05 12:00:18,355 - INFO - [LTM4700EY#PBF] 請求結束，隨機延遲 14.61 秒以避免被封鎖
2025-05-05 12:00:32,966 - INFO - [SDINBDG4-16G-ZA] 組合目標 URL: https://www.mouser.tw/c/?q=SDINBDG4-16G-ZA
2025-05-05 12:00:32,967 - INFO - [SDINBDG4-16G-ZA] 本次使用 Edge headers
2025-05-05 12:00:36,824 - INFO - [SDINBDG4-16G-ZA] 正在訪問 URL: https://www.mouser.tw/c/?q=SDINBDG4-16G-ZA (第1次嘗試)
2025-05-05 12:00:38,545 - INFO - [SDINBDG4-16G-ZA] 初始頁面請求成功
2025-05-05 12:00:38,728 - INFO - [SDINBDG4-16G-ZA] 找到下載連結: https://www.mouser.tw/c/?q=SDINBDG4-16G-ZA&download=tlFbrPHgSLvZSvqrBndyvxT%2FMOLlnd%2FKqwcccbDnSOrzvAMBTWQyXX7ZHiJ7WZJhrpb2Ugypin7Xhp2GhT23SyPSjbw9XpML
2025-05-05 12:00:38,729 - INFO - 開始下載文件，URL: https://www.mouser.tw/c/?q=SDINBDG4-16G-ZA&download=tlFbrPHgSLvZSvqrBndyvxT%2FMOLlnd%2FKqwcccbDnSOrzvAMBTWQyXX7ZHiJ7WZJhrpb2Ugypin7Xhp2GhT23SyPSjbw9XpML，嘗試次數: 1
2025-05-05 12:00:39,289 - INFO - 文件已成功保存到: downloads\SDINBDG4-16G-ZA_20250505120038.csv
2025-05-05 12:00:39,289 - INFO - [SDINBDG4-16G-ZA] CSV 文件已成功下載並保存在 'downloads\SDINBDG4-16G-ZA_20250505120038.csv'
2025-05-05 12:00:39,290 - INFO - [SDINBDG4-16G-ZA] 完整的下載連結為: https://www.mouser.tw/c/?q=SDINBDG4-16G-ZA&download=tlFbrPHgSLvZSvqrBndyvxT%2FMOLlnd%2FKqwcccbDnSOrzvAMBTWQyXX7ZHiJ7WZJhrpb2Ugypin7Xhp2GhT23SyPSjbw9XpML
2025-05-05 12:00:39,309 - INFO - [SDINBDG4-16G-ZA] 請求結束，隨機延遲 14.00 秒以避免被封鎖
2025-05-05 12:00:53,322 - INFO - 發現 7 個 CSV 檔案
2025-05-05 12:00:53,422 - INFO - downloads\BQ24190RGER_20250505115906.csv 匯入完成，共 4 筆
2025-05-05 12:00:53,480 - INFO - downloads\IAM-20680_20250505115818.csv 匯入完成，共 10 筆
2025-05-05 12:00:53,511 - INFO - downloads\LTM4625IY#PBF_20250505115843.csv 匯入完成，共 2 筆
2025-05-05 12:00:53,540 - INFO - downloads\SDINBDG4-16G-ZA_20250505120038.csv 匯入完成，共 6 筆
2025-05-05 12:00:53,575 - INFO - downloads\STM32F103VCT6_20250505115944.csv 匯入完成，共 3 筆
2025-05-05 12:00:53,609 - INFO - downloads\STM32H750IBK6_20250505115927.csv 匯入完成，共 3 筆
2025-05-05 12:00:53,624 - INFO - downloads\TPS2483PWR_20250505120000.csv 匯入完成，共 2 筆
2025-05-05 12:00:53,624 - INFO - 所有 CSV 匯入完成
2025-05-05 13:04:15,904 - INFO - [IAM-20680] 組合目標 URL: https://www.mouser.tw/c/?q=IAM-20680
2025-05-05 13:04:15,905 - INFO - [IAM-20680] 本次使用 Chrome headers
2025-05-05 13:04:19,102 - INFO - [IAM-20680] 正在訪問 URL: https://www.mouser.tw/c/?q=IAM-20680 (第1次嘗試)
2025-05-05 13:04:20,043 - INFO - [IAM-20680] 初始頁面請求成功
2025-05-05 13:04:20,226 - INFO - [IAM-20680] 找到下載連結: https://www.mouser.tw/c/?q=IAM-20680&download=Ub%2FoI9bU1A%2BmLtxdxSYaXCjnqui7%2B7mdblJ1WU40eXUW7fRT9Z2PalQPbUvc8Xo3SrR7qIMBFro3hjNa8ZZWDw%3D%3D
2025-05-05 13:04:20,226 - INFO - 開始下載文件，URL: https://www.mouser.tw/c/?q=IAM-20680&download=Ub%2FoI9bU1A%2BmLtxdxSYaXCjnqui7%2B7mdblJ1WU40eXUW7fRT9Z2PalQPbUvc8Xo3SrR7qIMBFro3hjNa8ZZWDw%3D%3D，嘗試次數: 1
2025-05-05 13:04:20,688 - INFO - 文件已成功保存到: downloads\IAM-20680_20250505130420.csv
2025-05-05 13:04:20,688 - INFO - [IAM-20680] CSV 文件已成功下載並保存在 'downloads\IAM-20680_20250505130420.csv'
2025-05-05 13:04:20,689 - INFO - [IAM-20680] 完整的下載連結為: https://www.mouser.tw/c/?q=IAM-20680&download=Ub%2FoI9bU1A%2BmLtxdxSYaXCjnqui7%2B7mdblJ1WU40eXUW7fRT9Z2PalQPbUvc8Xo3SrR7qIMBFro3hjNa8ZZWDw%3D%3D
2025-05-05 13:04:20,695 - INFO - [IAM-20680] 請求結束，隨機延遲 18.72 秒以避免被封鎖
2025-05-05 13:04:39,420 - INFO - [LTM4625IY#PBF] 組合目標 URL: https://www.mouser.tw/c/?q=LTM4625IY#PBF
2025-05-05 13:04:39,423 - INFO - [LTM4625IY#PBF] 本次使用 Chrome headers
2025-05-05 13:04:43,092 - INFO - [LTM4625IY#PBF] 正在訪問 URL: https://www.mouser.tw/c/?q=LTM4625IY#PBF (第1次嘗試)
2025-05-05 13:04:43,944 - INFO - [LTM4625IY#PBF] 初始頁面請求成功
2025-05-05 13:04:44,106 - INFO - [LTM4625IY#PBF] 找到下載連結: https://www.mouser.tw/c/?q=LTM4625IY&download=yONbEC4%2Fgp12PEVK6G7sBrnaWbFfMoIflbEgU29z4Cbnn4EVSl7ii1KMzJizVsx6b8yohnC97Bz2ju1TyEvHAw%3D%3D
2025-05-05 13:04:44,107 - INFO - 開始下載文件，URL: https://www.mouser.tw/c/?q=LTM4625IY&download=yONbEC4%2Fgp12PEVK6G7sBrnaWbFfMoIflbEgU29z4Cbnn4EVSl7ii1KMzJizVsx6b8yohnC97Bz2ju1TyEvHAw%3D%3D，嘗試次數: 1
2025-05-05 13:04:44,653 - INFO - 文件已成功保存到: downloads\LTM4625IY#PBF_20250505130444.csv
2025-05-05 13:04:44,654 - INFO - [LTM4625IY#PBF] CSV 文件已成功下載並保存在 'downloads\LTM4625IY#PBF_20250505130444.csv'
2025-05-05 13:04:44,654 - INFO - [LTM4625IY#PBF] 完整的下載連結為: https://www.mouser.tw/c/?q=LTM4625IY&download=yONbEC4%2Fgp12PEVK6G7sBrnaWbFfMoIflbEgU29z4Cbnn4EVSl7ii1KMzJizVsx6b8yohnC97Bz2ju1TyEvHAw%3D%3D
2025-05-05 13:04:44,661 - INFO - [LTM4625IY#PBF] 請求結束，隨機延遲 17.45 秒以避免被封鎖
2025-05-05 13:05:02,121 - INFO - [BQ24190RGER] 組合目標 URL: https://www.mouser.tw/c/?q=BQ24190RGER
2025-05-05 13:05:02,122 - INFO - [BQ24190RGER] 本次使用 Edge headers
2025-05-05 13:05:04,588 - INFO - [BQ24190RGER] 正在訪問 URL: https://www.mouser.tw/c/?q=BQ24190RGER (第1次嘗試)
2025-05-05 13:05:05,886 - INFO - [BQ24190RGER] 初始頁面請求成功
2025-05-05 13:05:06,037 - INFO - [BQ24190RGER] 找到下載連結: https://www.mouser.tw/c/?q=BQ24190RGER&download=Uz7PFoCG8A4my%2FWSeVZD%2Bt7UuiE%2BRXR7paenzWtVqOOtgrrs5x9xpuRGy4Yvm6L58r0ls5j81CD1rwzqzLyrUQ%3D%3D
2025-05-05 13:05:06,037 - INFO - 開始下載文件，URL: https://www.mouser.tw/c/?q=BQ24190RGER&download=Uz7PFoCG8A4my%2FWSeVZD%2Bt7UuiE%2BRXR7paenzWtVqOOtgrrs5x9xpuRGy4Yvm6L58r0ls5j81CD1rwzqzLyrUQ%3D%3D，嘗試次數: 1
2025-05-05 13:05:07,548 - INFO - 文件已成功保存到: downloads\BQ24190RGER_20250505130506.csv
2025-05-05 13:05:07,548 - INFO - [BQ24190RGER] CSV 文件已成功下載並保存在 'downloads\BQ24190RGER_20250505130506.csv'
2025-05-05 13:05:07,549 - INFO - [BQ24190RGER] 完整的下載連結為: https://www.mouser.tw/c/?q=BQ24190RGER&download=Uz7PFoCG8A4my%2FWSeVZD%2Bt7UuiE%2BRXR7paenzWtVqOOtgrrs5x9xpuRGy4Yvm6L58r0ls5j81CD1rwzqzLyrUQ%3D%3D
2025-05-05 13:05:07,554 - INFO - [BQ24190RGER] 請求結束，隨機延遲 13.77 秒以避免被封鎖
2025-05-05 13:05:21,334 - INFO - [STM32H750IBK6] 組合目標 URL: https://www.mouser.tw/c/?q=STM32H750IBK6
2025-05-05 13:05:21,336 - INFO - [STM32H750IBK6] 本次使用 Edge headers
2025-05-05 13:05:25,148 - INFO - [STM32H750IBK6] 正在訪問 URL: https://www.mouser.tw/c/?q=STM32H750IBK6 (第1次嘗試)
2025-05-05 13:05:26,609 - INFO - [STM32H750IBK6] 初始頁面請求成功
2025-05-05 13:05:26,760 - INFO - [STM32H750IBK6] 找到下載連結: https://www.mouser.tw/c/?q=STM32H750IBK6&download=uFHa6Kzj18UDk7oCD7GBGPEjMUxaSd7GHq0ndXhMOfi8q6cbeiwkZCAntDgBgP23mwBDOOz3L4m%2BjHQEi8LjyRpnN0tfLvKS
2025-05-05 13:05:26,761 - INFO - 開始下載文件，URL: https://www.mouser.tw/c/?q=STM32H750IBK6&download=uFHa6Kzj18UDk7oCD7GBGPEjMUxaSd7GHq0ndXhMOfi8q6cbeiwkZCAntDgBgP23mwBDOOz3L4m%2BjHQEi8LjyRpnN0tfLvKS，嘗試次數: 1
2025-05-05 13:05:27,802 - INFO - 文件已成功保存到: downloads\STM32H750IBK6_20250505130526.csv
2025-05-05 13:05:27,806 - INFO - [STM32H750IBK6] CSV 文件已成功下載並保存在 'downloads\STM32H750IBK6_20250505130526.csv'
2025-05-05 13:05:27,807 - INFO - [STM32H750IBK6] 完整的下載連結為: https://www.mouser.tw/c/?q=STM32H750IBK6&download=uFHa6Kzj18UDk7oCD7GBGPEjMUxaSd7GHq0ndXhMOfi8q6cbeiwkZCAntDgBgP23mwBDOOz3L4m%2BjHQEi8LjyRpnN0tfLvKS
2025-05-05 13:05:27,818 - INFO - [STM32H750IBK6] 請求結束，隨機延遲 13.04 秒以避免被封鎖
2025-05-05 13:05:40,871 - INFO - [STM32F103VCT6] 組合目標 URL: https://www.mouser.tw/c/?q=STM32F103VCT6
2025-05-05 13:05:40,873 - INFO - [STM32F103VCT6] 本次使用 Chrome headers
2025-05-05 13:05:45,330 - INFO - [STM32F103VCT6] 正在訪問 URL: https://www.mouser.tw/c/?q=STM32F103VCT6 (第1次嘗試)
2025-05-05 13:05:45,997 - INFO - [STM32F103VCT6] 初始頁面請求成功
2025-05-05 13:05:46,117 - INFO - [STM32F103VCT6] 找到下載連結: https://www.mouser.tw/c/?q=STM32F103VCT6&download=vTsJRnQqbAy5VaNITzjdFBnNgmRGfmKtUuOslAixlawELRn%2B32VUP7HpJzGFq61p2I%2F3czeq4ThyjaYYVWzRhRzaVbP8qxuH
2025-05-05 13:05:46,118 - INFO - 開始下載文件，URL: https://www.mouser.tw/c/?q=STM32F103VCT6&download=vTsJRnQqbAy5VaNITzjdFBnNgmRGfmKtUuOslAixlawELRn%2B32VUP7HpJzGFq61p2I%2F3czeq4ThyjaYYVWzRhRzaVbP8qxuH，嘗試次數: 1
2025-05-05 13:05:46,963 - INFO - 文件已成功保存到: downloads\STM32F103VCT6_20250505130546.csv
2025-05-05 13:05:46,964 - INFO - [STM32F103VCT6] CSV 文件已成功下載並保存在 'downloads\STM32F103VCT6_20250505130546.csv'
2025-05-05 13:05:46,964 - INFO - [STM32F103VCT6] 完整的下載連結為: https://www.mouser.tw/c/?q=STM32F103VCT6&download=vTsJRnQqbAy5VaNITzjdFBnNgmRGfmKtUuOslAixlawELRn%2B32VUP7HpJzGFq61p2I%2F3czeq4ThyjaYYVWzRhRzaVbP8qxuH
2025-05-05 13:05:46,968 - INFO - [STM32F103VCT6] 請求結束，隨機延遲 12.56 秒以避免被封鎖
2025-05-05 13:05:59,541 - INFO - [TPS2483PWR] 組合目標 URL: https://www.mouser.tw/c/?q=TPS2483PWR
2025-05-05 13:05:59,542 - INFO - [TPS2483PWR] 本次使用 Edge headers
2025-05-05 13:06:04,396 - INFO - [TPS2483PWR] 正在訪問 URL: https://www.mouser.tw/c/?q=TPS2483PWR (第1次嘗試)
2025-05-05 13:06:05,283 - INFO - [TPS2483PWR] 初始頁面請求成功
2025-05-05 13:06:05,420 - INFO - [TPS2483PWR] 找到下載連結: https://www.mouser.tw/c/?q=TPS2483PWR&download=48y6Af4%2B7QuMoGT4c7IIm%2F4qFxWlyhhfikW51PcGSqcye5F%2FJmONW8lPUrZM1yhY5%2B%2F4EOxTKKo0r8ZWHmN6ng%3D%3D
2025-05-05 13:06:05,421 - INFO - 開始下載文件，URL: https://www.mouser.tw/c/?q=TPS2483PWR&download=48y6Af4%2B7QuMoGT4c7IIm%2F4qFxWlyhhfikW51PcGSqcye5F%2FJmONW8lPUrZM1yhY5%2B%2F4EOxTKKo0r8ZWHmN6ng%3D%3D，嘗試次數: 1
2025-05-05 13:06:06,164 - INFO - 文件已成功保存到: downloads\TPS2483PWR_20250505130605.csv
2025-05-05 13:06:06,165 - INFO - [TPS2483PWR] CSV 文件已成功下載並保存在 'downloads\TPS2483PWR_20250505130605.csv'
2025-05-05 13:06:06,165 - INFO - [TPS2483PWR] 完整的下載連結為: https://www.mouser.tw/c/?q=TPS2483PWR&download=48y6Af4%2B7QuMoGT4c7IIm%2F4qFxWlyhhfikW51PcGSqcye5F%2FJmONW8lPUrZM1yhY5%2B%2F4EOxTKKo0r8ZWHmN6ng%3D%3D
2025-05-05 13:06:06,170 - INFO - [TPS2483PWR] 請求結束，隨機延遲 11.13 秒以避免被封鎖
2025-05-05 13:06:17,313 - INFO - [LTM4700EY#PBF] 組合目標 URL: https://www.mouser.tw/c/?q=LTM4700EY#PBF
2025-05-05 13:06:17,314 - INFO - [LTM4700EY#PBF] 本次使用 Edge headers
2025-05-05 13:06:20,843 - INFO - [LTM4700EY#PBF] 正在訪問 URL: https://www.mouser.tw/c/?q=LTM4700EY#PBF (第1次嘗試)
2025-05-05 13:06:22,982 - INFO - [LTM4700EY#PBF] 初始頁面請求成功
2025-05-05 13:06:23,200 - WARNING - [LTM4700EY#PBF] 未找到 id='btn3' 的下載按鈕
2025-05-05 13:06:23,200 - INFO - [LTM4700EY#PBF] 請求結束，隨機延遲 15.77 秒以避免被封鎖
2025-05-05 13:06:38,975 - INFO - [SDINBDG4-16G-ZA] 組合目標 URL: https://www.mouser.tw/c/?q=SDINBDG4-16G-ZA
2025-05-05 13:06:38,975 - INFO - [SDINBDG4-16G-ZA] 本次使用 Chrome headers
2025-05-05 13:06:41,973 - INFO - [SDINBDG4-16G-ZA] 正在訪問 URL: https://www.mouser.tw/c/?q=SDINBDG4-16G-ZA (第1次嘗試)
2025-05-05 13:06:42,713 - INFO - [SDINBDG4-16G-ZA] 初始頁面請求成功
2025-05-05 13:06:42,896 - INFO - [SDINBDG4-16G-ZA] 找到下載連結: https://www.mouser.tw/c/?q=SDINBDG4-16G-ZA&download=ot6FoBmyBRUiCUG4y0jXKYFn%2B92Jzjp7goGK%2BQN%2F6QG1nuIxdWHX4DdPbBQr09W757XsoaNAE0kl5qc1%2ByIrBRHvOe01f0%2BF
2025-05-05 13:06:42,897 - INFO - 開始下載文件，URL: https://www.mouser.tw/c/?q=SDINBDG4-16G-ZA&download=ot6FoBmyBRUiCUG4y0jXKYFn%2B92Jzjp7goGK%2BQN%2F6QG1nuIxdWHX4DdPbBQr09W757XsoaNAE0kl5qc1%2ByIrBRHvOe01f0%2BF，嘗試次數: 1
2025-05-05 13:06:43,449 - INFO - 文件已成功保存到: downloads\SDINBDG4-16G-ZA_20250505130642.csv
2025-05-05 13:06:43,449 - INFO - [SDINBDG4-16G-ZA] CSV 文件已成功下載並保存在 'downloads\SDINBDG4-16G-ZA_20250505130642.csv'
2025-05-05 13:06:43,449 - INFO - [SDINBDG4-16G-ZA] 完整的下載連結為: https://www.mouser.tw/c/?q=SDINBDG4-16G-ZA&download=ot6FoBmyBRUiCUG4y0jXKYFn%2B92Jzjp7goGK%2BQN%2F6QG1nuIxdWHX4DdPbBQr09W757XsoaNAE0kl5qc1%2ByIrBRHvOe01f0%2BF
2025-05-05 13:06:43,454 - INFO - [SDINBDG4-16G-ZA] 請求結束，隨機延遲 13.02 秒以避免被封鎖
2025-05-05 13:06:56,487 - INFO - 發現 7 個 CSV 檔案
2025-05-05 13:06:56,549 - INFO - downloads\BQ24190RGER_20250505130506.csv 匯入完成，共 4 筆
2025-05-05 13:06:56,584 - INFO - downloads\IAM-20680_20250505130420.csv 匯入完成，共 10 筆
2025-05-05 13:06:56,606 - INFO - downloads\LTM4625IY#PBF_20250505130444.csv 匯入完成，共 2 筆
2025-05-05 13:06:56,641 - INFO - downloads\SDINBDG4-16G-ZA_20250505130642.csv 匯入完成，共 6 筆
2025-05-05 13:06:56,657 - INFO - downloads\STM32F103VCT6_20250505130546.csv 匯入完成，共 3 筆
2025-05-05 13:06:56,677 - INFO - downloads\STM32H750IBK6_20250505130526.csv 匯入完成，共 3 筆
2025-05-05 13:06:56,719 - INFO - downloads\TPS2483PWR_20250505130605.csv 匯入完成，共 2 筆
2025-05-05 13:06:56,720 - INFO - 所有 CSV 匯入完成
2025-05-05 13:10:41,709 - INFO - 發現 7 個 CSV 檔案
2025-05-05 13:11:29,740 - INFO - 發現 7 個 CSV 檔案
2025-05-05 13:11:30,224 - INFO - downloads\BQ24190RGER_20250505130506.csv 匯入完成，共 4 筆
2025-05-05 13:11:31,333 - INFO - downloads\IAM-20680_20250505130420.csv 匯入完成，共 10 筆
2025-05-05 13:11:31,587 - INFO - downloads\LTM4625IY#PBF_20250505130444.csv 匯入完成，共 2 筆
2025-05-05 13:11:32,256 - INFO - downloads\SDINBDG4-16G-ZA_20250505130642.csv 匯入完成，共 6 筆
2025-05-05 13:11:32,599 - INFO - downloads\STM32F103VCT6_20250505130546.csv 匯入完成，共 3 筆
2025-05-05 13:11:32,940 - INFO - downloads\STM32H750IBK6_20250505130526.csv 匯入完成，共 3 筆
2025-05-05 13:11:33,172 - INFO - downloads\TPS2483PWR_20250505130605.csv 匯入完成，共 2 筆
2025-05-05 13:11:33,173 - INFO - 所有 CSV 匯入完成
2025-05-05 13:16:31,328 - INFO - 發現 7 個 CSV 檔案
2025-05-05 13:23:11,673 - INFO - downloads\BQ24190RGER_20250505130506.csv 匯入完成，共 4 筆
2025-05-05 13:23:32,668 - INFO - downloads\IAM-20680_20250505130420.csv 匯入完成，共 10 筆
2025-05-05 13:23:45,335 - INFO - downloads\LTM4625IY#PBF_20250505130444.csv 匯入完成，共 2 筆
2025-05-05 13:23:57,877 - INFO - downloads\SDINBDG4-16G-ZA_20250505130642.csv 匯入完成，共 6 筆
2025-05-05 13:27:23,391 - INFO - downloads\STM32F103VCT6_20250505130546.csv 匯入完成，共 3 筆
2025-05-05 13:28:50,341 - INFO - downloads\STM32H750IBK6_20250505130526.csv 匯入完成，共 3 筆
2025-05-05 13:29:25,841 - INFO - downloads\TPS2483PWR_20250505130605.csv 匯入完成，共 2 筆
2025-05-05 13:29:35,066 - INFO - 所有 CSV 匯入完成
2025-05-05 13:36:25,978 - INFO - [IAM-20680] 組合目標 URL: https://www.mouser.tw/c/?q=IAM-20680
2025-05-05 13:36:25,978 - INFO - [IAM-20680] 本次使用 Chrome headers
2025-05-05 13:36:30,368 - INFO - [IAM-20680] 正在訪問 URL: https://www.mouser.tw/c/?q=IAM-20680 (第1次嘗試)
2025-05-05 13:36:31,662 - INFO - [IAM-20680] 初始頁面請求成功
2025-05-05 13:36:31,849 - INFO - [IAM-20680] 找到下載連結: https://www.mouser.tw/c/?q=IAM-20680&download=8D5zGxuRND1Wxo8iH7asOFO9tJNZabshvSpDkzQcJ31IM8mHriiSny6V3PQXgJb8ixA9XRj%2F4qMO7SA1IUKWlA%3D%3D
2025-05-05 13:36:31,851 - INFO - 開始下載文件，URL: https://www.mouser.tw/c/?q=IAM-20680&download=8D5zGxuRND1Wxo8iH7asOFO9tJNZabshvSpDkzQcJ31IM8mHriiSny6V3PQXgJb8ixA9XRj%2F4qMO7SA1IUKWlA%3D%3D，嘗試次數: 1
2025-05-05 13:36:32,567 - INFO - 文件已成功保存到: downloads\IAM-20680_20250505133631.csv
2025-05-05 13:36:32,567 - INFO - [IAM-20680] CSV 文件已成功下載並保存在 'downloads\IAM-20680_20250505133631.csv'
2025-05-05 13:36:32,568 - INFO - [IAM-20680] 完整的下載連結為: https://www.mouser.tw/c/?q=IAM-20680&download=8D5zGxuRND1Wxo8iH7asOFO9tJNZabshvSpDkzQcJ31IM8mHriiSny6V3PQXgJb8ixA9XRj%2F4qMO7SA1IUKWlA%3D%3D
2025-05-05 13:36:32,575 - INFO - [IAM-20680] 請求結束，隨機延遲 11.79 秒以避免被封鎖
2025-05-05 13:36:44,375 - INFO - [LTM4625IY#PBF] 組合目標 URL: https://www.mouser.tw/c/?q=LTM4625IY#PBF
2025-05-05 13:36:44,376 - INFO - [LTM4625IY#PBF] 本次使用 Edge headers
2025-05-05 13:36:48,590 - INFO - [LTM4625IY#PBF] 正在訪問 URL: https://www.mouser.tw/c/?q=LTM4625IY#PBF (第1次嘗試)
2025-05-05 13:36:49,388 - INFO - [LTM4625IY#PBF] 初始頁面請求成功
2025-05-05 13:36:49,571 - INFO - [LTM4625IY#PBF] 找到下載連結: https://www.mouser.tw/c/?q=LTM4625IY&download=9CfIpljFNY5aXHmG5Em2c5Mmpa6kuFQBW9X4YHoIE%2FOhKXuc9ZnDq7BqUaZDilXe4AUMeTPji589wFK3Bw3l0w%3D%3D
2025-05-05 13:36:49,572 - INFO - 開始下載文件，URL: https://www.mouser.tw/c/?q=LTM4625IY&download=9CfIpljFNY5aXHmG5Em2c5Mmpa6kuFQBW9X4YHoIE%2FOhKXuc9ZnDq7BqUaZDilXe4AUMeTPji589wFK3Bw3l0w%3D%3D，嘗試次數: 1
2025-05-05 13:36:50,346 - INFO - 文件已成功保存到: downloads\LTM4625IY#PBF_20250505133649.csv
2025-05-05 13:36:50,346 - INFO - [LTM4625IY#PBF] CSV 文件已成功下載並保存在 'downloads\LTM4625IY#PBF_20250505133649.csv'
2025-05-05 13:36:50,347 - INFO - [LTM4625IY#PBF] 完整的下載連結為: https://www.mouser.tw/c/?q=LTM4625IY&download=9CfIpljFNY5aXHmG5Em2c5Mmpa6kuFQBW9X4YHoIE%2FOhKXuc9ZnDq7BqUaZDilXe4AUMeTPji589wFK3Bw3l0w%3D%3D
2025-05-05 13:36:50,353 - INFO - [LTM4625IY#PBF] 請求結束，隨機延遲 11.90 秒以避免被封鎖
2025-05-05 13:37:02,252 - INFO - [BQ24190RGER] 組合目標 URL: https://www.mouser.tw/c/?q=BQ24190RGER
2025-05-05 13:37:02,253 - INFO - [BQ24190RGER] 本次使用 Chrome headers
2025-05-05 13:37:06,130 - INFO - [BQ24190RGER] 正在訪問 URL: https://www.mouser.tw/c/?q=BQ24190RGER (第1次嘗試)
2025-05-05 13:37:07,673 - INFO - [BQ24190RGER] 初始頁面請求成功
2025-05-05 13:37:07,825 - INFO - [BQ24190RGER] 找到下載連結: https://www.mouser.tw/c/?q=BQ24190RGER&download=ZgRWB1TC2R%2BtLKi9mS267FRJa9srTcZnzHHLbY2WMdmU2vgU7ghzCJS7RAiwvlRdIHeyDBZ2MTtuDGSDwQX4gA%3D%3D
2025-05-05 13:37:07,826 - INFO - 開始下載文件，URL: https://www.mouser.tw/c/?q=BQ24190RGER&download=ZgRWB1TC2R%2BtLKi9mS267FRJa9srTcZnzHHLbY2WMdmU2vgU7ghzCJS7RAiwvlRdIHeyDBZ2MTtuDGSDwQX4gA%3D%3D，嘗試次數: 1
2025-05-05 13:37:08,307 - INFO - 文件已成功保存到: downloads\BQ24190RGER_20250505133707.csv
2025-05-05 13:37:08,308 - INFO - [BQ24190RGER] CSV 文件已成功下載並保存在 'downloads\BQ24190RGER_20250505133707.csv'
2025-05-05 13:37:08,308 - INFO - [BQ24190RGER] 完整的下載連結為: https://www.mouser.tw/c/?q=BQ24190RGER&download=ZgRWB1TC2R%2BtLKi9mS267FRJa9srTcZnzHHLbY2WMdmU2vgU7ghzCJS7RAiwvlRdIHeyDBZ2MTtuDGSDwQX4gA%3D%3D
2025-05-05 13:37:08,312 - INFO - [BQ24190RGER] 請求結束，隨機延遲 14.74 秒以避免被封鎖
2025-05-05 13:37:23,056 - INFO - [STM32H750IBK6] 組合目標 URL: https://www.mouser.tw/c/?q=STM32H750IBK6
2025-05-05 13:37:23,059 - INFO - [STM32H750IBK6] 本次使用 Chrome headers
2025-05-05 13:37:25,382 - INFO - [STM32H750IBK6] 正在訪問 URL: https://www.mouser.tw/c/?q=STM32H750IBK6 (第1次嘗試)
2025-05-05 13:37:26,122 - INFO - [STM32H750IBK6] 初始頁面請求成功
2025-05-05 13:37:26,248 - INFO - [STM32H750IBK6] 找到下載連結: https://www.mouser.tw/c/?q=STM32H750IBK6&download=SEkQ6Dz3PP8stV8mk9g6pEXObQwU2DX935ER8WnJbYoIe46ykNxi1Z0AafIGmpb4AqjcaSqsJ5UR%2FIrbjZEbdje6sXVxT%2Fjz
2025-05-05 13:37:26,248 - INFO - 開始下載文件，URL: https://www.mouser.tw/c/?q=STM32H750IBK6&download=SEkQ6Dz3PP8stV8mk9g6pEXObQwU2DX935ER8WnJbYoIe46ykNxi1Z0AafIGmpb4AqjcaSqsJ5UR%2FIrbjZEbdje6sXVxT%2Fjz，嘗試次數: 1
2025-05-05 13:37:26,743 - INFO - 文件已成功保存到: downloads\STM32H750IBK6_20250505133726.csv
2025-05-05 13:37:26,744 - INFO - [STM32H750IBK6] CSV 文件已成功下載並保存在 'downloads\STM32H750IBK6_20250505133726.csv'
2025-05-05 13:37:26,745 - INFO - [STM32H750IBK6] 完整的下載連結為: https://www.mouser.tw/c/?q=STM32H750IBK6&download=SEkQ6Dz3PP8stV8mk9g6pEXObQwU2DX935ER8WnJbYoIe46ykNxi1Z0AafIGmpb4AqjcaSqsJ5UR%2FIrbjZEbdje6sXVxT%2Fjz
2025-05-05 13:37:26,749 - INFO - [STM32H750IBK6] 請求結束，隨機延遲 19.68 秒以避免被封鎖
2025-05-05 13:37:46,445 - INFO - [STM32F103VCT6] 組合目標 URL: https://www.mouser.tw/c/?q=STM32F103VCT6
2025-05-05 13:37:46,446 - INFO - [STM32F103VCT6] 本次使用 Edge headers
2025-05-05 13:37:50,992 - INFO - [STM32F103VCT6] 正在訪問 URL: https://www.mouser.tw/c/?q=STM32F103VCT6 (第1次嘗試)
2025-05-05 13:37:51,974 - INFO - [STM32F103VCT6] 初始頁面請求成功
2025-05-05 13:37:52,098 - INFO - [STM32F103VCT6] 找到下載連結: https://www.mouser.tw/c/?q=STM32F103VCT6&download=8R8YrTHa2Xb6gqLvwYJbBCrN58etjCI1SZkB2L%2FQoU3zq4vszBAm3kLUFIZMioKSLd5mGTIDo0Z19MlZlxtVSl%2FiIoqCDXIp
2025-05-05 13:37:52,098 - INFO - 開始下載文件，URL: https://www.mouser.tw/c/?q=STM32F103VCT6&download=8R8YrTHa2Xb6gqLvwYJbBCrN58etjCI1SZkB2L%2FQoU3zq4vszBAm3kLUFIZMioKSLd5mGTIDo0Z19MlZlxtVSl%2FiIoqCDXIp，嘗試次數: 1
2025-05-05 13:37:52,652 - INFO - 文件已成功保存到: downloads\STM32F103VCT6_20250505133752.csv
2025-05-05 13:37:52,653 - INFO - [STM32F103VCT6] CSV 文件已成功下載並保存在 'downloads\STM32F103VCT6_20250505133752.csv'
2025-05-05 13:37:52,653 - INFO - [STM32F103VCT6] 完整的下載連結為: https://www.mouser.tw/c/?q=STM32F103VCT6&download=8R8YrTHa2Xb6gqLvwYJbBCrN58etjCI1SZkB2L%2FQoU3zq4vszBAm3kLUFIZMioKSLd5mGTIDo0Z19MlZlxtVSl%2FiIoqCDXIp
2025-05-05 13:37:52,671 - INFO - [STM32F103VCT6] 請求結束，隨機延遲 15.22 秒以避免被封鎖
2025-05-05 13:38:07,907 - INFO - [TPS2483PWR] 組合目標 URL: https://www.mouser.tw/c/?q=TPS2483PWR
2025-05-05 13:38:07,909 - INFO - [TPS2483PWR] 本次使用 Chrome headers
2025-05-05 13:38:12,447 - INFO - [TPS2483PWR] 正在訪問 URL: https://www.mouser.tw/c/?q=TPS2483PWR (第1次嘗試)
2025-05-05 13:38:12,708 - WARNING - [TPS2483PWR] 取得的 HTML 內容異常或被反爬蟲擋住，重試中...
2025-05-05 13:38:12,709 - INFO - [TPS2483PWR] Retry 第 1 次，使用 Edge headers
2025-05-05 13:38:12,710 - INFO - [TPS2483PWR] 第 1 次重試，sleep 1800 秒
2025-05-05 13:38:57,947 - INFO - [IAM-20680] 組合目標 URL: https://www.mouser.tw/c/?q=IAM-20680
2025-05-05 13:38:57,948 - INFO - [IAM-20680] 本次使用 Edge headers
2025-05-05 13:39:00,806 - INFO - [IAM-20680] 正在訪問 URL: https://www.mouser.tw/c/?q=IAM-20680 (第1次嘗試)
2025-05-05 13:39:01,060 - WARNING - [IAM-20680] 取得的 HTML 內容異常或被反爬蟲擋住，重試中...
2025-05-05 13:39:01,061 - INFO - [IAM-20680] Retry 第 1 次，使用 Edge headers
2025-05-05 13:39:01,063 - INFO - [IAM-20680] 第 1 次重試，sleep 1800 秒
2025-05-05 14:44:22,435 - INFO - [H9HCNNNCPMMLXR-NEE] 組合目標 URL: https://www.mouser.tw/c/?q=H9HCNNNCPMMLXR-NEE
2025-05-05 14:44:22,435 - INFO - [H9HCNNNCPMMLXR-NEE] 本次使用 Edge headers
2025-05-05 14:44:27,204 - INFO - [H9HCNNNCPMMLXR-NEE] 正在訪問 URL: https://www.mouser.tw/c/?q=H9HCNNNCPMMLXR-NEE (第1次嘗試)
2025-05-05 14:44:28,148 - INFO - [H9HCNNNCPMMLXR-NEE] 初始頁面請求成功
2025-05-05 14:44:28,244 - WARNING - [H9HCNNNCPMMLXR-NEE] 未找到 id='btn3' 的下載按鈕
2025-05-05 14:44:28,244 - INFO - [H9HCNNNCPMMLXR-NEE] 請求結束，隨機延遲 12.51 秒以避免被封鎖
2025-05-05 14:45:23,462 - INFO - [IAM-20680] 組合目標 URL: https://www.mouser.tw/c/?q=IAM-20680
2025-05-05 14:45:23,463 - INFO - [IAM-20680] 本次使用 Chrome headers
2025-05-05 14:45:25,538 - INFO - [IAM-20680] 正在訪問 URL: https://www.mouser.tw/c/?q=IAM-20680 (第1次嘗試)
2025-05-05 14:45:25,788 - WARNING - [IAM-20680] 取得的 HTML 內容異常或被反爬蟲擋住，重試中...
2025-05-05 14:45:25,789 - INFO - [IAM-20680] Retry 第 1 次，使用 Edge headers
2025-05-05 14:45:25,790 - INFO - [IAM-20680] 第 1 次重試，sleep 1800 秒
2025-05-05 15:10:38,380 - INFO - [IAM-20680] 組合目標 URL: https://www.mouser.tw/c/?q=IAM-20680
2025-05-05 15:10:38,381 - INFO - [IAM-20680] 本次使用 Edge headers
2025-05-05 15:10:42,705 - INFO - [IAM-20680] 正在訪問 URL: https://www.mouser.tw/c/?q=IAM-20680 (第1次嘗試)
2025-05-05 15:10:45,410 - INFO - [IAM-20680] 初始頁面請求成功
2025-05-05 15:10:45,595 - INFO - [IAM-20680] 找到下載連結: https://www.mouser.tw/c/?q=IAM-20680&download=dVcnRbF8TQxRJ5i6aE1S9DWkGrd8PFGCJdvHAD7Bkj%2FoIn0SQYEc40yJFsFU9QYFXdYeGaVw7oICKLhlXVQjug%3D%3D
2025-05-05 15:10:45,595 - INFO - 開始下載文件，URL: https://www.mouser.tw/c/?q=IAM-20680&download=dVcnRbF8TQxRJ5i6aE1S9DWkGrd8PFGCJdvHAD7Bkj%2FoIn0SQYEc40yJFsFU9QYFXdYeGaVw7oICKLhlXVQjug%3D%3D，嘗試次數: 1
2025-05-05 15:10:46,955 - INFO - 文件已成功保存到: downloads\IAM-20680_20250505151045.csv
2025-05-05 15:10:46,957 - INFO - [IAM-20680] CSV 文件已成功下載並保存在 'downloads\IAM-20680_20250505151045.csv'
2025-05-05 15:10:46,957 - INFO - [IAM-20680] 完整的下載連結為: https://www.mouser.tw/c/?q=IAM-20680&download=dVcnRbF8TQxRJ5i6aE1S9DWkGrd8PFGCJdvHAD7Bkj%2FoIn0SQYEc40yJFsFU9QYFXdYeGaVw7oICKLhlXVQjug%3D%3D
2025-05-05 15:10:46,980 - INFO - [IAM-20680] 請求結束，隨機延遲 16.38 秒以避免被封鎖
2025-05-05 15:11:07,098 - INFO - 發現 1 個 CSV 檔案
2025-05-05 15:11:18,000 - INFO - downloads\IAM-20680_20250505151045.csv 匯入完成，共 10 筆
2025-05-05 15:11:18,001 - INFO - 所有 CSV 匯入完成
2025-05-05 15:11:18,002 - INFO - 移動檔案 downloads\IAM-20680_20250505151045.csv 到 downloads_bak\IAM-20680_20250505151045.csv
2025-05-05 15:16:23,953 - INFO - [IAM-20680] 組合目標 URL: https://www.mouser.tw/c/?q=IAM-20680
2025-05-05 15:16:23,954 - INFO - [IAM-20680] 本次使用 Chrome headers
2025-05-05 15:16:28,497 - INFO - [IAM-20680] 正在訪問 URL: https://www.mouser.tw/c/?q=IAM-20680 (第1次嘗試)
2025-05-05 15:16:28,744 - WARNING - [IAM-20680] 取得的 HTML 內容異常或被反爬蟲擋住，重試中...
2025-05-05 15:16:28,746 - INFO - [IAM-20680] Retry 第 1 次，使用 Edge headers
2025-05-05 15:16:28,746 - INFO - [IAM-20680] 第 1 次重試，sleep 1800 秒
2025-05-05 15:37:16,423 - INFO - [IAM-20680] 組合目標 URL: https://www.mouser.tw/c/?q=IAM-20680
2025-05-05 15:37:16,424 - INFO - [IAM-20680] 本次使用 Edge headers
2025-05-05 15:37:20,495 - INFO - [IAM-20680] 正在訪問 URL: https://www.mouser.tw/c/?q=IAM-20680 (第1次嘗試)
2025-05-05 15:37:21,944 - INFO - [IAM-20680] 初始頁面請求成功
2025-05-05 15:37:22,140 - INFO - [IAM-20680] 找到下載連結: https://www.mouser.tw/c/?q=IAM-20680&download=baWb3zQhE01gmoquI0N5cdj2oT1u9iRWXkQsNHPX4qapXPWWg2a8rHvE%2Bjp%2BXUti8tbO9U7e5bTyiwWGHY6XAg%3D%3D
2025-05-05 15:37:22,141 - INFO - 開始下載文件，URL: https://www.mouser.tw/c/?q=IAM-20680&download=baWb3zQhE01gmoquI0N5cdj2oT1u9iRWXkQsNHPX4qapXPWWg2a8rHvE%2Bjp%2BXUti8tbO9U7e5bTyiwWGHY6XAg%3D%3D，嘗試次數: 1
2025-05-05 15:37:22,953 - INFO - 文件已成功保存到: downloads\IAM-20680_20250505153722.csv
2025-05-05 15:37:22,953 - INFO - [IAM-20680] CSV 文件已成功下載並保存在 'downloads\IAM-20680_20250505153722.csv'
2025-05-05 15:37:22,954 - INFO - [IAM-20680] 完整的下載連結為: https://www.mouser.tw/c/?q=IAM-20680&download=baWb3zQhE01gmoquI0N5cdj2oT1u9iRWXkQsNHPX4qapXPWWg2a8rHvE%2Bjp%2BXUti8tbO9U7e5bTyiwWGHY6XAg%3D%3D
2025-05-05 15:37:22,982 - INFO - [IAM-20680] 請求結束，隨機延遲 17.32 秒以避免被封鎖
2025-05-05 15:37:44,590 - INFO - 發現 1 個 CSV 檔案
2025-05-05 15:37:49,273 - INFO - downloads\IAM-20680_20250505153722.csv 匯入完成，共 10 筆
2025-05-05 15:37:49,274 - INFO - 所有 CSV 匯入完成
2025-05-05 15:37:49,275 - INFO - 移動檔案 downloads\IAM-20680_20250505153722.csv 到 downloads_bak\IAM-20680_20250505153722.csv
2025-05-05 15:43:29,712 - INFO - [IAM-20680] 組合目標 URL: https://www.mouser.tw/c/?q=IAM-20680
2025-05-05 15:43:29,714 - INFO - [IAM-20680] 本次使用 Edge headers
2025-05-05 15:43:31,875 - INFO - [IAM-20680] 正在訪問 URL: https://www.mouser.tw/c/?q=IAM-20680 (第1次嘗試)
2025-05-05 15:43:32,186 - WARNING - [IAM-20680] 取得的 HTML 內容異常或被反爬蟲擋住，重試中...
2025-05-05 15:43:32,187 - INFO - [IAM-20680] Retry 第 1 次，使用 Edge headers
2025-05-05 15:43:32,187 - INFO - [IAM-20680] 第 1 次重試，sleep 1200 秒
2025-05-05 16:05:40,504 - INFO - [IAM-20680] 組合目標 URL: https://www.mouser.tw/c/?q=IAM-20680
2025-05-05 16:05:40,506 - INFO - [IAM-20680] 本次使用 Chrome headers
2025-05-05 16:05:44,132 - INFO - [IAM-20680] 正在訪問 URL: https://www.mouser.tw/c/?q=IAM-20680 (第1次嘗試)
2025-05-05 16:05:45,934 - INFO - [IAM-20680] 初始頁面請求成功
2025-05-05 16:05:46,114 - INFO - [IAM-20680] 找到下載連結: https://www.mouser.tw/c/?q=IAM-20680&download=DQmCY8WXRccC7YDqVHHcSzwTrh4EazRV6s40QqWJmvHMq6qYxYDDafljKomjWPeuLpxDjFUXvvC4T4vSFSkubw%3D%3D
2025-05-05 16:05:46,114 - INFO - 開始下載文件，URL: https://www.mouser.tw/c/?q=IAM-20680&download=DQmCY8WXRccC7YDqVHHcSzwTrh4EazRV6s40QqWJmvHMq6qYxYDDafljKomjWPeuLpxDjFUXvvC4T4vSFSkubw%3D%3D，嘗試次數: 1
2025-05-05 16:05:46,938 - INFO - 文件已成功保存到: downloads\IAM-20680_20250505160546.csv
2025-05-05 16:05:46,938 - INFO - [IAM-20680] CSV 文件已成功下載並保存在 'downloads\IAM-20680_20250505160546.csv'
2025-05-05 16:05:46,938 - INFO - [IAM-20680] 完整的下載連結為: https://www.mouser.tw/c/?q=IAM-20680&download=DQmCY8WXRccC7YDqVHHcSzwTrh4EazRV6s40QqWJmvHMq6qYxYDDafljKomjWPeuLpxDjFUXvvC4T4vSFSkubw%3D%3D
2025-05-05 16:05:46,961 - INFO - [IAM-20680] 請求結束，隨機延遲 16.64 秒以避免被封鎖
2025-05-05 16:06:03,609 - INFO - 有找到 btn3 的清單：['IAM-20680']
2025-05-05 16:06:03,609 - INFO - 未找到 btn3 的清單：[]
2025-05-05 16:06:03,614 - INFO - 發現 1 個 CSV 檔案
2025-05-05 16:06:04,757 - INFO - downloads\IAM-20680_20250505160546.csv 匯入完成，共 10 筆
2025-05-05 16:06:04,757 - INFO - 所有 CSV 匯入完成
2025-05-05 16:06:04,758 - INFO - 移動檔案 downloads\IAM-20680_20250505160546.csv 到 downloads_bak\IAM-20680_20250505160546.csv
